SF:lib/features/statistics/screens/statistics_screen.dart
DA:10,1
DA:12,1
DA:13,1
DA:17,1
DA:19,3
DA:21,1
DA:22,1
DA:23,3
DA:24,1
DA:26,0
DA:29,1
DA:30,1
DA:31,1
DA:32,1
DA:33,3
DA:38,1
DA:39,4
DA:40,4
DA:41,2
DA:43,1
DA:45,1
DA:47,1
DA:49,1
DA:50,1
DA:51,2
DA:57,1
DA:58,1
DA:59,1
DA:60,1
DA:61,2
DA:62,1
DA:67,1
DA:68,1
DA:69,2
DA:70,1
DA:77,1
DA:78,1
DA:79,1
DA:80,1
DA:81,2
DA:82,1
DA:87,1
DA:88,1
DA:89,2
DA:90,1
DA:98,1
DA:99,2
DA:111,1
DA:112,0
DA:123,1
DA:130,1
DA:132,1
DA:133,1
DA:135,1
DA:136,1
DA:137,4
DA:139,1
DA:140,1
DA:143,2
DA:152,1
DA:154,1
DA:155,1
DA:161,1
DA:163,1
DA:165,2
DA:176,1
DA:178,1
DA:179,1
DA:180,1
DA:181,1
DA:182,1
DA:184,2
DA:188,1
DA:191,1
DA:192,1
DA:193,1
DA:196,1
DA:199,1
DA:200,1
DA:203,1
DA:211,1
DA:213,1
DA:219,1
DA:225,1
DA:226,1
DA:229,1
DA:232,1
DA:235,1
DA:238,1
DA:241,1
DA:244,1
DA:252,1
DA:258,1
DA:263,3
LF:94
LH:92
end_of_record
SF:lib/models/habit.dart
DA:70,3
DA:89,1
DA:107,1
DA:108,1
DA:109,0
DA:110,1
DA:111,1
DA:112,1
DA:113,1
DA:114,0
DA:115,0
DA:116,1
DA:117,1
DA:118,1
DA:119,1
DA:120,1
DA:121,1
DA:122,1
DA:123,1
DA:127,0
DA:129,0
DA:130,0
DA:131,0
DA:132,0
DA:133,0
DA:134,0
DA:135,0
DA:136,0
DA:137,0
DA:138,0
DA:139,0
DA:140,0
DA:144,0
DA:145,0
DA:146,0
DA:147,0
DA:148,0
DA:149,0
DA:150,0
DA:151,0
DA:152,0
DA:153,0
DA:154,0
DA:155,0
DA:156,0
DA:157,0
DA:158,0
DA:159,0
DA:160,0
DA:162,0
DA:163,0
DA:167,0
DA:168,0
DA:169,0
DA:170,0
DA:171,0
DA:172,0
DA:173,0
DA:174,0
DA:175,0
DA:176,0
DA:177,0
DA:178,0
DA:179,0
DA:180,0
DA:181,0
DA:182,0
DA:184,0
DA:185,0
DA:186,0
DA:187,0
DA:188,0
DA:189,0
DA:190,0
DA:193,0
DA:194,0
DA:195,0
DA:196,0
DA:201,1
DA:202,1
DA:203,1
DA:204,1
DA:205,1
DA:206,1
DA:207,1
DA:208,1
DA:209,1
DA:210,1
DA:211,1
DA:212,1
DA:213,1
DA:214,1
DA:215,1
DA:216,1
DA:217,1
DA:218,1
LF:96
LH:34
end_of_record
SF:lib/models/habit.g.dart
DA:13,0
DA:15,0
DA:16,0
DA:17,0
DA:19,0
DA:20,0
DA:21,0
DA:22,0
DA:23,0
DA:24,0
DA:25,0
DA:26,0
DA:27,0
DA:28,0
DA:29,0
DA:30,0
DA:31,0
DA:32,0
DA:33,0
DA:34,0
DA:35,0
DA:39,0
DA:42,0
DA:43,0
DA:44,0
DA:45,0
DA:46,0
DA:47,0
DA:48,0
DA:49,0
DA:50,0
DA:51,0
DA:52,0
DA:53,0
DA:54,0
DA:55,0
DA:56,0
DA:57,0
DA:58,0
DA:59,0
DA:60,0
DA:61,0
DA:62,0
DA:63,0
DA:64,0
DA:65,0
DA:66,0
DA:67,0
DA:68,0
DA:69,0
DA:70,0
DA:71,0
DA:72,0
DA:73,0
DA:74,0
DA:77,0
DA:78,0
DA:80,0
DA:83,0
DA:84,0
DA:85,0
DA:92,0
DA:94,0
DA:95,0
DA:97,0
DA:99,0
DA:101,0
DA:103,0
DA:105,0
DA:112,0
DA:115,0
DA:116,0
DA:118,0
DA:119,0
DA:121,0
DA:122,0
DA:124,0
DA:125,0
DA:127,0
DA:128,0
DA:130,0
DA:131,0
DA:136,0
DA:137,0
DA:139,0
DA:142,0
DA:143,0
DA:144,0
DA:151,0
DA:153,0
DA:154,0
DA:156,0
DA:158,0
DA:160,0
DA:167,0
DA:170,0
DA:171,0
DA:173,0
DA:174,0
DA:176,0
DA:177,0
DA:179,0
DA:180,0
DA:185,0
DA:186,0
DA:188,0
DA:191,0
DA:192,0
DA:193,0
LF:109
LH:0
end_of_record
SF:lib/core/providers/habit_providers.dart
DA:6,4
DA:7,1
DA:11,10
DA:12,2
DA:13,1
DA:17,0
DA:18,0
DA:19,0
LF:8
LH:5
end_of_record
SF:lib/localization/app_localizations_delegate.dart
DA:6,2
DA:8,3
DA:10,9
DA:13,3
DA:15,6
DA:18,0
LF:6
LH:5
end_of_record
SF:lib/localization/app_localizations.dart
DA:6,3
DA:8,2
DA:9,2
DA:131,0
DA:132,0
DA:133,0
DA:134,0
DA:135,0
DA:136,5
DA:137,5
DA:138,10
DA:139,0
DA:140,5
DA:141,5
DA:142,10
DA:143,5
DA:144,5
DA:145,5
DA:146,0
DA:147,0
DA:148,0
DA:149,0
DA:150,0
DA:151,0
DA:152,0
DA:153,0
DA:154,0
DA:155,0
DA:156,0
DA:157,0
DA:158,0
DA:159,0
DA:160,0
DA:161,0
DA:162,0
DA:163,0
DA:164,0
DA:165,0
DA:166,5
DA:167,0
DA:168,0
DA:169,0
DA:170,0
DA:171,0
DA:172,0
DA:173,0
DA:174,0
DA:175,5
DA:176,0
DA:177,0
DA:178,0
DA:179,0
DA:180,0
DA:181,0
DA:182,0
DA:183,0
DA:184,0
DA:185,0
DA:186,0
DA:187,0
DA:188,0
DA:189,0
DA:190,0
DA:191,0
DA:192,0
LF:65
LH:14
end_of_record
SF:lib/widgets/habit_progress_indicator.dart
DA:8,1
DA:15,1
DA:17,1
DA:18,1
DA:19,1
DA:20,1
DA:22,1
DA:24,1
DA:27,5
DA:31,1
DA:32,1
DA:34,3
DA:37,1
DA:39,1
DA:40,1
DA:41,4
DA:42,4
DA:46,1
DA:48,4
DA:49,2
LF:20
LH:20
end_of_record
SF:lib/core/services/habit_service.dart
DA:8,1
DA:9,2
DA:13,0
DA:14,0
DA:18,0
DA:23,0
DA:24,0
DA:29,0
DA:30,0
DA:35,0
DA:36,0
DA:40,0
DA:41,0
DA:42,0
DA:43,0
DA:46,0
DA:47,0
DA:48,0
DA:55,0
DA:56,0
DA:57,0
DA:60,0
DA:65,0
DA:66,0
DA:67,0
DA:71,0
DA:72,0
DA:75,0
DA:78,0
DA:81,0
DA:84,0
DA:87,0
DA:95,0
DA:97,0
DA:103,0
LF:35
LH:2
end_of_record
SF:lib/core/services/storage_service.dart
DA:7,0
DA:8,3
DA:9,2
DA:10,1
DA:16,0
DA:18,0
DA:19,0
DA:23,1
DA:24,2
DA:26,0
DA:27,0
DA:28,0
DA:29,0
DA:31,0
DA:32,0
DA:35,0
DA:43,0
DA:44,0
DA:46,0
DA:47,0
DA:49,0
DA:52,0
DA:60,0
DA:61,0
DA:63,0
DA:64,0
DA:68,0
DA:69,0
DA:70,0
DA:74,0
DA:75,0
DA:76,0
DA:80,0
DA:81,0
DA:82,0
DA:86,0
DA:87,0
LF:37
LH:5
end_of_record
SF:lib/features/habits/screens/habit_list_screen.dart
DA:10,1
DA:12,1
DA:14,2
DA:16,1
DA:17,1
DA:18,3
DA:19,1
DA:21,0
DA:23,0
DA:26,1
DA:27,1
DA:29,0
DA:30,0
DA:32,2
DA:36,1
DA:37,1
DA:38,1
DA:39,1
DA:40,3
DA:47,2
DA:48,2
DA:49,2
DA:50,1
DA:54,1
DA:55,2
DA:56,1
DA:57,1
DA:58,1
DA:63,2
DA:64,1
DA:66,1
DA:69,0
DA:70,0
DA:72,0
DA:80,1
DA:81,0
LF:36
LH:28
end_of_record
SF:lib/widgets/habit_card.dart
DA:12,1
DA:20,1
DA:21,1
DA:32,1
DA:34,1
DA:36,2
DA:42,2
DA:45,2
DA:46,1
DA:50,1
DA:52,2
DA:53,0
DA:54,0
DA:59,1
DA:61,2
DA:62,2
DA:63,1
DA:66,1
DA:67,2
DA:68,6
DA:71,7
DA:72,5
DA:74,1
DA:75,0
DA:77,4
DA:81,2
DA:82,1
DA:86,1
DA:87,2
DA:88,2
DA:89,1
DA:90,2
DA:91,1
DA:94,2
DA:99,1
DA:101,1
DA:103,0
DA:105,0
DA:107,0
DA:109,0
DA:111,0
DA:117,1
DA:119,1
DA:120,2
DA:121,0
DA:122,0
DA:123,0
DA:124,0
DA:125,0
DA:126,0
DA:127,0
DA:128,0
DA:129,0
DA:130,0
DA:136,1
DA:137,1
DA:138,1
DA:139,1
DA:140,2
DA:143,1
DA:144,4
DA:145,1
DA:147,1
DA:148,2
DA:149,1
DA:150,2
DA:157,1
DA:159,1
DA:160,2
DA:168,1
DA:170,1
DA:171,2
DA:174,1
DA:175,2
DA:176,1
DA:177,2
DA:180,1
DA:182,1
DA:183,1
DA:185,1
DA:186,1
DA:187,1
DA:188,3
DA:189,2
DA:190,0
DA:191,3
DA:194,1
DA:196,1
DA:197,5
DA:198,1
DA:200,1
DA:201,4
DA:202,1
DA:203,2
DA:205,4
DA:212,1
DA:213,2
DA:214,2
DA:215,0
DA:216,3
DA:219,3
DA:220,1
DA:222,1
DA:223,1
DA:224,2
DA:227,1
DA:228,3
DA:231,1
DA:232,3
DA:235,1
DA:236,3
DA:242,1
DA:243,3
DA:244,3
DA:247,0
DA:249,0
DA:251,0
DA:252,0
DA:253,0
DA:256,0
DA:257,0
DA:264,0
DA:265,0
DA:266,0
DA:267,0
DA:268,0
DA:275,1
DA:276,2
DA:277,1
DA:278,1
DA:279,1
DA:281,1
DA:282,1
DA:284,1
DA:285,1
DA:286,5
DA:287,1
DA:291,1
DA:292,1
DA:293,1
DA:294,1
DA:296,5
DA:297,1
DA:298,1
DA:299,3
DA:301,4
DA:302,1
DA:303,1
DA:304,1
DA:305,3
DA:306,1
DA:307,5
DA:320,1
DA:322,1
DA:324,1
DA:325,1
DA:326,6
DA:327,2
DA:328,0
DA:329,3
DA:331,1
DA:332,9
DA:333,2
DA:334,0
DA:336,0
DA:338,4
DA:339,1
LF:167
LH:132
end_of_record
SF:lib/widgets/streak_counter.dart
DA:8,1
DA:15,1
DA:17,1
DA:19,1
DA:20,1
DA:21,1
DA:22,1
DA:24,1
DA:25,1
DA:26,1
DA:28,1
DA:29,1
DA:32,2
DA:35,1
DA:38,2
DA:40,1
DA:43,2
DA:49,1
DA:50,2
DA:51,5
DA:68,1
DA:75,1
DA:77,1
DA:78,1
DA:79,3
DA:81,1
DA:82,1
DA:88,1
DA:89,1
DA:90,1
DA:92,2
LF:31
LH:31
end_of_record
SF:lib/screens/home_screen.dart
DA:9,1
DA:11,1
DA:13,2
DA:15,1
DA:16,1
DA:21,1
DA:23,1
DA:24,0
DA:25,0
DA:32,0
DA:34,1
DA:35,0
DA:38,1
DA:39,0
DA:42,1
DA:43,1
DA:45,1
DA:46,1
DA:47,0
DA:49,0
DA:53,1
DA:54,0
DA:56,0
DA:60,1
DA:62,0
DA:72,0
DA:74,0
DA:77,0
DA:79,0
DA:86,0
DA:87,0
DA:88,0
DA:89,0
DA:91,0
DA:93,0
DA:95,0
DA:103,0
DA:104,0
DA:105,0
DA:106,0
DA:108,0
DA:109,0
DA:111,0
DA:112,0
DA:114,0
LF:45
LH:15
end_of_record
